{"name": "Login with invalid credentials", "status": "broken", "statusDetails": {"message": "selenium.common.exceptions.NoSuchElementException: Message: no such element: Unable to locate element: {\"method\":\"xpath\",\"selector\":\"//div[@id='account-login']/div[1]\"}\n  (Session info: chrome=130.0.6723.69); For documentation on this error, please visit: https://www.selenium.dev/documentation/webdriver/troubleshooting/errors#no-such-element-exception\nStacktrace:\n\tGetHandleVerifier [0x00007FF75D493AB5+28005]\n\t(No symbol) [0x00007FF75D3F83B0]\n\t(No symbol) [0x00007FF75D29580A]\n\t(No symbol) [0x00007FF75D2E5A3E]\n\t(No symbol) [0x00007FF75D2E5D2C]\n\t(No symbol) [0x00007FF75D32EA97]\n\t(No symbol) [0x00007FF75D30BA7F]\n\t(No symbol) [0x00007FF75D32B8B3]\n\t(No symbol) [0x00007FF75D30B7E3]\n\t(No symbol) [0x00007FF75D2D75C8]\n\t(No symbol) [0x00007FF75D2D8731]\n\tGetHandleVerifier [0x00007FF75D78643D+3118829]\n\tGetHandleVerifier [0x00007FF75D7D6C90+3448640]\n\tGetHandleVerifier [0x00007FF75D7CCF0D+3408317]\n\tGetHandleVerifier [0x00007FF75D55A40B+841403]\n\t(No symbol) [0x00007FF75D40340F]\n\t(No symbol) [0x00007FF75D3FF484]\n\t(No symbol) [0x00007FF75D3FF61D]\n\t(No symbol) [0x00007FF75D3EEB79]\n\tBaseThreadInitThunk [0x00007FFD9AF8257D+29]\n\tRtlUserThreadStart [0x00007FFD9CACAF08+40]\n\n", "trace": "  File \"C:\\Users\\ramsu\\Documents\\Ram\\Automation_Learning\\Sample_Hybrid_Framework\\pythonProject2\\.venv\\Lib\\site-packages\\behave\\model.py\", line 1329, in run\n    match.run(runner.context)\n  File \"C:\\Users\\ramsu\\Documents\\Ram\\Automation_Learning\\Sample_Hybrid_Framework\\pythonProject2\\.venv\\Lib\\site-packages\\behave\\matchers.py\", line 98, in run\n    self.func(context, *args, **kwargs)\n  File \"Hybrid_FW\\Features\\steps\\Login.py\", line 36, in step_impl\n    context.login_page.display_status_warning(warning_msg)\n  File \"C:\\Users\\ramsu\\Documents\\Ram\\Automation_Learning\\Sample_Hybrid_Framework\\pythonProject2\\Hybrid_FW\\Features\\Pages\\LoginPOM.py\", line 34, in display_status_warning\n    self.retrieved_element_text_equals(\"warning_msg_xpath\", self.warning_msg_xpath, expected_text)\n  File \"C:\\Users\\ramsu\\Documents\\Ram\\Automation_Learning\\Sample_Hybrid_Framework\\pythonProject2\\Hybrid_FW\\Features\\Pages\\BasePage.py\", line 27, in retrieved_element_text_equals\n    element = self.get_element(locator_type, locator_value)\n              ^^^^^^^^^^^^^^^^^^^^^^^^^^^^^^^^^^^^^^^^^^^^^\n  File \"C:\\Users\\ramsu\\Documents\\Ram\\Automation_Learning\\Sample_Hybrid_Framework\\pythonProject2\\Hybrid_FW\\Features\\Pages\\BasePage.py\", line 39, in get_element\n    element = self.driver.find_element(By.XPATH, locator_value)\n              ^^^^^^^^^^^^^^^^^^^^^^^^^^^^^^^^^^^^^^^^^^^^^^^^^\n  File \"C:\\Users\\ramsu\\Documents\\Ram\\Automation_Learning\\Sample_Hybrid_Framework\\pythonProject2\\.venv\\Lib\\site-packages\\selenium\\webdriver\\remote\\webdriver.py\", line 748, in find_element\n    return self.execute(Command.FIND_ELEMENT, {\"using\": by, \"value\": value})[\"value\"]\n           ^^^^^^^^^^^^^^^^^^^^^^^^^^^^^^^^^^^^^^^^^^^^^^^^^^^^^^^^^^^^^^^^^\n  File \"C:\\Users\\ramsu\\Documents\\Ram\\Automation_Learning\\Sample_Hybrid_Framework\\pythonProject2\\.venv\\Lib\\site-packages\\selenium\\webdriver\\remote\\webdriver.py\", line 354, in execute\n    self.error_handler.check_response(response)\n  File \"C:\\Users\\ramsu\\Documents\\Ram\\Automation_Learning\\Sample_Hybrid_Framework\\pythonProject2\\.venv\\Lib\\site-packages\\selenium\\webdriver\\remote\\errorhandler.py\", line 229, in check_response\n    raise exception_class(message, screen, stacktrace)\n"}, "steps": [{"name": "Given I navigate to Login page", "status": "passed", "start": 1729813970303, "stop": 1729813970963}, {"name": "When I enter invalid email id and invalid password as \"Test\"", "status": "passed", "start": 1729813970963, "stop": 1729813971844}, {"name": "Then I click on login button", "status": "passed", "start": 1729813971844, "stop": 1729813972030}, {"name": "Then I should get a proper warning message as \"Warning: No match for E-Mail Address and/or Password.\"", "status": "broken", "statusDetails": {"message": "selenium.common.exceptions.NoSuchElementException: Message: no such element: Unable to locate element: {\"method\":\"xpath\",\"selector\":\"//div[@id='account-login']/div[1]\"}\n  (Session info: chrome=130.0.6723.69); For documentation on this error, please visit: https://www.selenium.dev/documentation/webdriver/troubleshooting/errors#no-such-element-exception\nStacktrace:\n\tGetHandleVerifier [0x00007FF75D493AB5+28005]\n\t(No symbol) [0x00007FF75D3F83B0]\n\t(No symbol) [0x00007FF75D29580A]\n\t(No symbol) [0x00007FF75D2E5A3E]\n\t(No symbol) [0x00007FF75D2E5D2C]\n\t(No symbol) [0x00007FF75D32EA97]\n\t(No symbol) [0x00007FF75D30BA7F]\n\t(No symbol) [0x00007FF75D32B8B3]\n\t(No symbol) [0x00007FF75D30B7E3]\n\t(No symbol) [0x00007FF75D2D75C8]\n\t(No symbol) [0x00007FF75D2D8731]\n\tGetHandleVerifier [0x00007FF75D78643D+3118829]\n\tGetHandleVerifier [0x00007FF75D7D6C90+3448640]\n\tGetHandleVerifier [0x00007FF75D7CCF0D+3408317]\n\tGetHandleVerifier [0x00007FF75D55A40B+841403]\n\t(No symbol) [0x00007FF75D40340F]\n\t(No symbol) [0x00007FF75D3FF484]\n\t(No symbol) [0x00007FF75D3FF61D]\n\t(No symbol) [0x00007FF75D3EEB79]\n\tBaseThreadInitThunk [0x00007FFD9AF8257D+29]\n\tRtlUserThreadStart [0x00007FFD9CACAF08+40]\n\n", "trace": "  File \"C:\\Users\\ramsu\\Documents\\Ram\\Automation_Learning\\Sample_Hybrid_Framework\\pythonProject2\\.venv\\Lib\\site-packages\\behave\\model.py\", line 1329, in run\n    match.run(runner.context)\n  File \"C:\\Users\\ramsu\\Documents\\Ram\\Automation_Learning\\Sample_Hybrid_Framework\\pythonProject2\\.venv\\Lib\\site-packages\\behave\\matchers.py\", line 98, in run\n    self.func(context, *args, **kwargs)\n  File \"Hybrid_FW\\Features\\steps\\Login.py\", line 36, in step_impl\n    context.login_page.display_status_warning(warning_msg)\n  File \"C:\\Users\\ramsu\\Documents\\Ram\\Automation_Learning\\Sample_Hybrid_Framework\\pythonProject2\\Hybrid_FW\\Features\\Pages\\LoginPOM.py\", line 34, in display_status_warning\n    self.retrieved_element_text_equals(\"warning_msg_xpath\", self.warning_msg_xpath, expected_text)\n  File \"C:\\Users\\ramsu\\Documents\\Ram\\Automation_Learning\\Sample_Hybrid_Framework\\pythonProject2\\Hybrid_FW\\Features\\Pages\\BasePage.py\", line 27, in retrieved_element_text_equals\n    element = self.get_element(locator_type, locator_value)\n              ^^^^^^^^^^^^^^^^^^^^^^^^^^^^^^^^^^^^^^^^^^^^^\n  File \"C:\\Users\\ramsu\\Documents\\Ram\\Automation_Learning\\Sample_Hybrid_Framework\\pythonProject2\\Hybrid_FW\\Features\\Pages\\BasePage.py\", line 39, in get_element\n    element = self.driver.find_element(By.XPATH, locator_value)\n              ^^^^^^^^^^^^^^^^^^^^^^^^^^^^^^^^^^^^^^^^^^^^^^^^^\n  File \"C:\\Users\\ramsu\\Documents\\Ram\\Automation_Learning\\Sample_Hybrid_Framework\\pythonProject2\\.venv\\Lib\\site-packages\\selenium\\webdriver\\remote\\webdriver.py\", line 748, in find_element\n    return self.execute(Command.FIND_ELEMENT, {\"using\": by, \"value\": value})[\"value\"]\n           ^^^^^^^^^^^^^^^^^^^^^^^^^^^^^^^^^^^^^^^^^^^^^^^^^^^^^^^^^^^^^^^^^\n  File \"C:\\Users\\ramsu\\Documents\\Ram\\Automation_Learning\\Sample_Hybrid_Framework\\pythonProject2\\.venv\\Lib\\site-packages\\selenium\\webdriver\\remote\\webdriver.py\", line 354, in execute\n    self.error_handler.check_response(response)\n  File \"C:\\Users\\ramsu\\Documents\\Ram\\Automation_Learning\\Sample_Hybrid_Framework\\pythonProject2\\.venv\\Lib\\site-packages\\selenium\\webdriver\\remote\\errorhandler.py\", line 229, in check_response\n    raise exception_class(message, screen, stacktrace)\n"}, "start": 1729813972030, "stop": 1729813972731}], "start": 1729813965388, "stop": 1729813975448, "uuid": "6b741cae-5ea1-4933-8095-707618a27806", "historyId": "0e84b8c3b0b988066cc26b5fe5b74f06", "fullName": "Login Functionality: Login with invalid credentials", "labels": [{"name": "severity", "value": "normal"}, {"name": "feature", "value": "Login Functionality"}, {"name": "framework", "value": "behave"}, {"name": "language", "value": "cpython3"}]}