{"name": "Login with valid credentials -- @1.2 ", "status": "broken", "statusDetails": {"message": "selenium.common.exceptions.NoSuchElementException: Message: no such element: Unable to locate element: {\"method\":\"xpath\",\"selector\":\"//div[@id='content']/h2\"}\n  (Session info: chrome=130.0.6723.69); For documentation on this error, please visit: https://www.selenium.dev/documentation/webdriver/troubleshooting/errors#no-such-element-exception\nStacktrace:\n\tGetHandleVerifier [0x00007FF75D493AB5+28005]\n\t(No symbol) [0x00007FF75D3F83B0]\n\t(No symbol) [0x00007FF75D29580A]\n\t(No symbol) [0x00007FF75D2E5A3E]\n\t(No symbol) [0x00007FF75D2E5D2C]\n\t(No symbol) [0x00007FF75D32EA97]\n\t(No symbol) [0x00007FF75D30BA7F]\n\t(No symbol) [0x00007FF75D32B8B3]\n\t(No symbol) [0x00007FF75D30B7E3]\n\t(No symbol) [0x00007FF75D2D75C8]\n\t(No symbol) [0x00007FF75D2D8731]\n\tGetHandleVerifier [0x00007FF75D78643D+3118829]\n\tGetHandleVerifier [0x00007FF75D7D6C90+3448640]\n\tGetHandleVerifier [0x00007FF75D7CCF0D+3408317]\n\tGetHandleVerifier [0x00007FF75D55A40B+841403]\n\t(No symbol) [0x00007FF75D40340F]\n\t(No symbol) [0x00007FF75D3FF484]\n\t(No symbol) [0x00007FF75D3FF61D]\n\t(No symbol) [0x00007FF75D3EEB79]\n\tBaseThreadInitThunk [0x00007FFD9AF8257D+29]\n\tRtlUserThreadStart [0x00007FFD9CACAF08+40]\n\n", "trace": "  File \"C:\\Users\\ramsu\\Documents\\Ram\\Automation_Learning\\Sample_Hybrid_Framework\\pythonProject2\\.venv\\Lib\\site-packages\\behave\\model.py\", line 1329, in run\n    match.run(runner.context)\n  File \"C:\\Users\\ramsu\\Documents\\Ram\\Automation_Learning\\Sample_Hybrid_Framework\\pythonProject2\\.venv\\Lib\\site-packages\\behave\\matchers.py\", line 98, in run\n    self.func(context, *args, **kwargs)\n  File \"Hybrid_FW\\Features\\steps\\Login.py\", line 24, in step_impl\n    context.account_page.verify_account_page(title)\n  File \"C:\\Users\\ramsu\\Documents\\Ram\\Automation_Learning\\Sample_Hybrid_Framework\\pythonProject2\\Hybrid_FW\\Features\\Pages\\AccountPOM.py\", line 14, in verify_account_page\n    return self.retrieved_element_text_contains(\"account_confirmation_xpath\",self.account_confirmation_xpath, expected_text)\n           ^^^^^^^^^^^^^^^^^^^^^^^^^^^^^^^^^^^^^^^^^^^^^^^^^^^^^^^^^^^^^^^^^^^^^^^^^^^^^^^^^^^^^^^^^^^^^^^^^^^^^^^^^^^^^^^^^\n  File \"C:\\Users\\ramsu\\Documents\\Ram\\Automation_Learning\\Sample_Hybrid_Framework\\pythonProject2\\Hybrid_FW\\Features\\Pages\\BasePage.py\", line 23, in retrieved_element_text_contains\n    element = self.get_element(locator_type, locator_value)\n              ^^^^^^^^^^^^^^^^^^^^^^^^^^^^^^^^^^^^^^^^^^^^^\n  File \"C:\\Users\\ramsu\\Documents\\Ram\\Automation_Learning\\Sample_Hybrid_Framework\\pythonProject2\\Hybrid_FW\\Features\\Pages\\BasePage.py\", line 39, in get_element\n    element = self.driver.find_element(By.XPATH, locator_value)\n              ^^^^^^^^^^^^^^^^^^^^^^^^^^^^^^^^^^^^^^^^^^^^^^^^^\n  File \"C:\\Users\\ramsu\\Documents\\Ram\\Automation_Learning\\Sample_Hybrid_Framework\\pythonProject2\\.venv\\Lib\\site-packages\\selenium\\webdriver\\remote\\webdriver.py\", line 748, in find_element\n    return self.execute(Command.FIND_ELEMENT, {\"using\": by, \"value\": value})[\"value\"]\n           ^^^^^^^^^^^^^^^^^^^^^^^^^^^^^^^^^^^^^^^^^^^^^^^^^^^^^^^^^^^^^^^^^\n  File \"C:\\Users\\ramsu\\Documents\\Ram\\Automation_Learning\\Sample_Hybrid_Framework\\pythonProject2\\.venv\\Lib\\site-packages\\selenium\\webdriver\\remote\\webdriver.py\", line 354, in execute\n    self.error_handler.check_response(response)\n  File \"C:\\Users\\ramsu\\Documents\\Ram\\Automation_Learning\\Sample_Hybrid_Framework\\pythonProject2\\.venv\\Lib\\site-packages\\selenium\\webdriver\\remote\\errorhandler.py\", line 229, in check_response\n    raise exception_class(message, screen, stacktrace)\n"}, "steps": [{"name": "Given I navigate to Login page", "status": "passed", "start": 1729813930892, "stop": 1729813931844}, {"name": "When I enter valid email id as \"sampletestram1@gmail.com\" and password as \"123456\"", "status": "passed", "start": 1729813931844, "stop": 1729813932858}, {"name": "Then I click on login button", "status": "passed", "start": 1729813932858, "stop": 1729813932992}, {"name": "Then I should login to home page as \"My Account\"", "status": "broken", "statusDetails": {"message": "selenium.common.exceptions.NoSuchElementException: Message: no such element: Unable to locate element: {\"method\":\"xpath\",\"selector\":\"//div[@id='content']/h2\"}\n  (Session info: chrome=130.0.6723.69); For documentation on this error, please visit: https://www.selenium.dev/documentation/webdriver/troubleshooting/errors#no-such-element-exception\nStacktrace:\n\tGetHandleVerifier [0x00007FF75D493AB5+28005]\n\t(No symbol) [0x00007FF75D3F83B0]\n\t(No symbol) [0x00007FF75D29580A]\n\t(No symbol) [0x00007FF75D2E5A3E]\n\t(No symbol) [0x00007FF75D2E5D2C]\n\t(No symbol) [0x00007FF75D32EA97]\n\t(No symbol) [0x00007FF75D30BA7F]\n\t(No symbol) [0x00007FF75D32B8B3]\n\t(No symbol) [0x00007FF75D30B7E3]\n\t(No symbol) [0x00007FF75D2D75C8]\n\t(No symbol) [0x00007FF75D2D8731]\n\tGetHandleVerifier [0x00007FF75D78643D+3118829]\n\tGetHandleVerifier [0x00007FF75D7D6C90+3448640]\n\tGetHandleVerifier [0x00007FF75D7CCF0D+3408317]\n\tGetHandleVerifier [0x00007FF75D55A40B+841403]\n\t(No symbol) [0x00007FF75D40340F]\n\t(No symbol) [0x00007FF75D3FF484]\n\t(No symbol) [0x00007FF75D3FF61D]\n\t(No symbol) [0x00007FF75D3EEB79]\n\tBaseThreadInitThunk [0x00007FFD9AF8257D+29]\n\tRtlUserThreadStart [0x00007FFD9CACAF08+40]\n\n", "trace": "  File \"C:\\Users\\ramsu\\Documents\\Ram\\Automation_Learning\\Sample_Hybrid_Framework\\pythonProject2\\.venv\\Lib\\site-packages\\behave\\model.py\", line 1329, in run\n    match.run(runner.context)\n  File \"C:\\Users\\ramsu\\Documents\\Ram\\Automation_Learning\\Sample_Hybrid_Framework\\pythonProject2\\.venv\\Lib\\site-packages\\behave\\matchers.py\", line 98, in run\n    self.func(context, *args, **kwargs)\n  File \"Hybrid_FW\\Features\\steps\\Login.py\", line 24, in step_impl\n    context.account_page.verify_account_page(title)\n  File \"C:\\Users\\ramsu\\Documents\\Ram\\Automation_Learning\\Sample_Hybrid_Framework\\pythonProject2\\Hybrid_FW\\Features\\Pages\\AccountPOM.py\", line 14, in verify_account_page\n    return self.retrieved_element_text_contains(\"account_confirmation_xpath\",self.account_confirmation_xpath, expected_text)\n           ^^^^^^^^^^^^^^^^^^^^^^^^^^^^^^^^^^^^^^^^^^^^^^^^^^^^^^^^^^^^^^^^^^^^^^^^^^^^^^^^^^^^^^^^^^^^^^^^^^^^^^^^^^^^^^^^^\n  File \"C:\\Users\\ramsu\\Documents\\Ram\\Automation_Learning\\Sample_Hybrid_Framework\\pythonProject2\\Hybrid_FW\\Features\\Pages\\BasePage.py\", line 23, in retrieved_element_text_contains\n    element = self.get_element(locator_type, locator_value)\n              ^^^^^^^^^^^^^^^^^^^^^^^^^^^^^^^^^^^^^^^^^^^^^\n  File \"C:\\Users\\ramsu\\Documents\\Ram\\Automation_Learning\\Sample_Hybrid_Framework\\pythonProject2\\Hybrid_FW\\Features\\Pages\\BasePage.py\", line 39, in get_element\n    element = self.driver.find_element(By.XPATH, locator_value)\n              ^^^^^^^^^^^^^^^^^^^^^^^^^^^^^^^^^^^^^^^^^^^^^^^^^\n  File \"C:\\Users\\ramsu\\Documents\\Ram\\Automation_Learning\\Sample_Hybrid_Framework\\pythonProject2\\.venv\\Lib\\site-packages\\selenium\\webdriver\\remote\\webdriver.py\", line 748, in find_element\n    return self.execute(Command.FIND_ELEMENT, {\"using\": by, \"value\": value})[\"value\"]\n           ^^^^^^^^^^^^^^^^^^^^^^^^^^^^^^^^^^^^^^^^^^^^^^^^^^^^^^^^^^^^^^^^^\n  File \"C:\\Users\\ramsu\\Documents\\Ram\\Automation_Learning\\Sample_Hybrid_Framework\\pythonProject2\\.venv\\Lib\\site-packages\\selenium\\webdriver\\remote\\webdriver.py\", line 354, in execute\n    self.error_handler.check_response(response)\n  File \"C:\\Users\\ramsu\\Documents\\Ram\\Automation_Learning\\Sample_Hybrid_Framework\\pythonProject2\\.venv\\Lib\\site-packages\\selenium\\webdriver\\remote\\errorhandler.py\", line 229, in check_response\n    raise exception_class(message, screen, stacktrace)\n"}, "start": 1729813932994, "stop": 1729813934151}], "parameters": [{"name": "email", "value": "sampletestram1@gmail.com"}, {"name": "password", "value": "123456"}], "start": 1729813925196, "stop": 1729813936805, "uuid": "a3c31ab4-d0fe-44fb-ae5f-56245f21a733", "historyId": "06e9044fc22ac892d87e5cf2aaa3f529", "fullName": "Login Functionality: Login with valid credentials", "labels": [{"name": "severity", "value": "normal"}, {"name": "tag", "value": "Test"}, {"name": "feature", "value": "Login Functionality"}, {"name": "framework", "value": "behave"}, {"name": "language", "value": "cpython3"}]}